Testsuite: simpledb.IntHistogramTest
Tests run: 8, Failures: 8, Errors: 0, Skipped: 0, Time elapsed: 0.062 sec

Testcase: orderOfGrowthTest took 0.008 sec
	FAILED
null
junit.framework.AssertionFailedError
	at simpledb.IntHistogramTest.orderOfGrowthTest(IntHistogramTest.java:38)
	at java.base/jdk.internal.reflect.NativeMethodAccessorImpl.invoke0(Native Method)
	at java.base/jdk.internal.reflect.NativeMethodAccessorImpl.invoke(NativeMethodAccessorImpl.java:76)
	at java.base/jdk.internal.reflect.DelegatingMethodAccessorImpl.invoke(DelegatingMethodAccessorImpl.java:51)

Testcase: opNotEqualsTest took 0.001 sec
	FAILED
null
junit.framework.AssertionFailedError
	at simpledb.IntHistogramTest.opNotEqualsTest(IntHistogramTest.java:176)
	at java.base/jdk.internal.reflect.NativeMethodAccessorImpl.invoke0(Native Method)
	at java.base/jdk.internal.reflect.NativeMethodAccessorImpl.invoke(NativeMethodAccessorImpl.java:76)
	at java.base/jdk.internal.reflect.DelegatingMethodAccessorImpl.invoke(DelegatingMethodAccessorImpl.java:51)

Testcase: opLessThanTest took 0.001 sec
	FAILED
null
junit.framework.AssertionFailedError
	at simpledb.IntHistogramTest.opLessThanTest(IntHistogramTest.java:117)
	at java.base/jdk.internal.reflect.NativeMethodAccessorImpl.invoke0(Native Method)
	at java.base/jdk.internal.reflect.NativeMethodAccessorImpl.invoke(NativeMethodAccessorImpl.java:76)
	at java.base/jdk.internal.reflect.DelegatingMethodAccessorImpl.invoke(DelegatingMethodAccessorImpl.java:51)

Testcase: negativeRangeTest took 0.001 sec
	FAILED
null
junit.framework.AssertionFailedError
	at simpledb.IntHistogramTest.negativeRangeTest(IntHistogramTest.java:61)
	at java.base/jdk.internal.reflect.NativeMethodAccessorImpl.invoke0(Native Method)
	at java.base/jdk.internal.reflect.NativeMethodAccessorImpl.invoke(NativeMethodAccessorImpl.java:76)
	at java.base/jdk.internal.reflect.DelegatingMethodAccessorImpl.invoke(DelegatingMethodAccessorImpl.java:51)

Testcase: opEqualsTest took 0.001 sec
	FAILED
null
junit.framework.AssertionFailedError
	at simpledb.IntHistogramTest.opEqualsTest(IntHistogramTest.java:77)
	at java.base/jdk.internal.reflect.NativeMethodAccessorImpl.invoke0(Native Method)
	at java.base/jdk.internal.reflect.NativeMethodAccessorImpl.invoke(NativeMethodAccessorImpl.java:76)
	at java.base/jdk.internal.reflect.DelegatingMethodAccessorImpl.invoke(DelegatingMethodAccessorImpl.java:51)

Testcase: opLessThanOrEqualsTest took 0.001 sec
	FAILED
null
junit.framework.AssertionFailedError
	at simpledb.IntHistogramTest.opLessThanOrEqualsTest(IntHistogramTest.java:158)
	at java.base/jdk.internal.reflect.NativeMethodAccessorImpl.invoke0(Native Method)
	at java.base/jdk.internal.reflect.NativeMethodAccessorImpl.invoke(NativeMethodAccessorImpl.java:76)
	at java.base/jdk.internal.reflect.DelegatingMethodAccessorImpl.invoke(DelegatingMethodAccessorImpl.java:51)

Testcase: opGreaterThanOrEqualsTest took 0.001 sec
	FAILED
null
junit.framework.AssertionFailedError
	at simpledb.IntHistogramTest.opGreaterThanOrEqualsTest(IntHistogramTest.java:135)
	at java.base/jdk.internal.reflect.NativeMethodAccessorImpl.invoke0(Native Method)
	at java.base/jdk.internal.reflect.NativeMethodAccessorImpl.invoke(NativeMethodAccessorImpl.java:76)
	at java.base/jdk.internal.reflect.DelegatingMethodAccessorImpl.invoke(DelegatingMethodAccessorImpl.java:51)

Testcase: opGreaterThanTest took 0.001 sec
	FAILED
null
junit.framework.AssertionFailedError
	at simpledb.IntHistogramTest.opGreaterThanTest(IntHistogramTest.java:95)
	at java.base/jdk.internal.reflect.NativeMethodAccessorImpl.invoke0(Native Method)
	at java.base/jdk.internal.reflect.NativeMethodAccessorImpl.invoke(NativeMethodAccessorImpl.java:76)
	at java.base/jdk.internal.reflect.DelegatingMethodAccessorImpl.invoke(DelegatingMethodAccessorImpl.java:51)

