Testsuite: simpledb.TupleTest
Tests run: 3, Failures: 2, Errors: 1, Skipped: 0, Time elapsed: 0.063 sec

Testcase: getTupleDesc took 0.008 sec
	Caused an ERROR
expected:<> but was:<null>
java.lang.AssertionError: expected:<> but was:<null>
	at simpledb.TupleTest.getTupleDesc(TupleTest.java:40)
	at java.base/jdk.internal.reflect.NativeMethodAccessorImpl.invoke0(Native Method)
	at java.base/jdk.internal.reflect.NativeMethodAccessorImpl.invoke(NativeMethodAccessorImpl.java:76)
	at java.base/jdk.internal.reflect.DelegatingMethodAccessorImpl.invoke(DelegatingMethodAccessorImpl.java:51)

Testcase: modifyRecordId took 0.001 sec
	Caused an ERROR
modifyRecordId() test failed due to RecordId.equals() not being implemented.  This is not required for Lab 1, but should pass when you do implement the RecordId class.
java.lang.UnsupportedOperationException: modifyRecordId() test failed due to RecordId.equals() not being implemented.  This is not required for Lab 1, but should pass when you do implement the RecordId class.
	at simpledb.TupleTest.modifyRecordId(TupleTest.java:56)
	at java.base/jdk.internal.reflect.NativeMethodAccessorImpl.invoke0(Native Method)
	at java.base/jdk.internal.reflect.NativeMethodAccessorImpl.invoke(NativeMethodAccessorImpl.java:76)
	at java.base/jdk.internal.reflect.DelegatingMethodAccessorImpl.invoke(DelegatingMethodAccessorImpl.java:51)

Testcase: modifyFields took 0.001 sec
	Caused an ERROR
expected:<-1> but was:<null>
java.lang.AssertionError: expected:<-1> but was:<null>
	at simpledb.TupleTest.modifyFields(TupleTest.java:24)
	at java.base/jdk.internal.reflect.NativeMethodAccessorImpl.invoke0(Native Method)
	at java.base/jdk.internal.reflect.NativeMethodAccessorImpl.invoke(NativeMethodAccessorImpl.java:76)
	at java.base/jdk.internal.reflect.DelegatingMethodAccessorImpl.invoke(DelegatingMethodAccessorImpl.java:51)

